<?xml version="1.0" encoding="UTF-8"?>
<testng-results skipped="0" failed="0" ignored="0" total="1" passed="1">
  <reporter-output>
  </reporter-output>
  <suite name="Default suite" duration-ms="120007" started-at="2017-10-26T17:10:17Z" finished-at="2017-10-26T17:12:17Z">
    <groups>
    </groups>
    <test name="Default test" duration-ms="120007" started-at="2017-10-26T17:10:17Z" finished-at="2017-10-26T17:12:17Z">
      <class name="com.java.straitstimes.test.Main">
        <test-method status="PASS" signature="beforeMethod()[pri:0, instance:com.java.straitstimes.test.Main@3532ec19]" name="beforeMethod" is-config="true" duration-ms="42790" started-at="2017-10-26T22:40:17Z" finished-at="2017-10-26T22:41:00Z">
          <reporter-output>
          </reporter-output>
        </test-method> <!-- beforeMethod -->
        <test-method status="PASS" signature="test1()[pri:0, instance:com.java.straitstimes.test.Main@3532ec19]" name="test1" duration-ms="77150" started-at="2017-10-26T22:41:00Z" finished-at="2017-10-26T22:42:17Z">
          <reporter-output>
          </reporter-output>
        </test-method> <!-- test1 -->
        <test-method status="PASS" signature="afterMethod()[pri:0, instance:com.java.straitstimes.test.Main@3532ec19]" name="afterMethod" is-config="true" duration-ms="1" started-at="2017-10-26T22:42:17Z" finished-at="2017-10-26T22:42:17Z">
          <reporter-output>
          </reporter-output>
        </test-method> <!-- afterMethod -->
      </class> <!-- com.java.straitstimes.test.Main -->
    </test> <!-- Default test -->
  </suite> <!-- Default suite -->
</testng-results>
